INFO:root:send to telcoservice20@gmail.com by rcubigeubo@gmail.com successfully : 1
INFO:root:send to virus010195@gmail.com by rcubigeubo@gmail.com successfully : 2
INFO:root:send to semasam003@gmail.com by rcubigeubo@gmail.com successfully : 3
INFO:root:send to noman.naeem234@gmail.com by rcubigeubo@gmail.com successfully : 1
WARNING:PyPDF2._reader:Xref table not zero-indexed. ID numbers for objects will be corrected.
WARNING:PyPDF2._reader:Xref table not zero-indexed. ID numbers for objects will be corrected.
WARNING:PyPDF2._reader:Xref table not zero-indexed. ID numbers for objects will be corrected.
WARNING:PyPDF2._reader:Xref table not zero-indexed. ID numbers for objects will be corrected.
DEBUG:PIL.PngImagePlugin:STREAM b'IHDR' 16 13
DEBUG:PIL.PngImagePlugin:STREAM b'IDAT' 41 1216
WARNING:PyPDF2._reader:PdfReader stream/file object is not in binary mode. It may not be read correctly.
WARNING:PyPDF2._reader:PdfReader stream/file object is not in binary mode. It may not be read correctly.
WARNING:PyPDF2._reader:PdfReader stream/file object is not in binary mode. It may not be read correctly.
WARNING:PyPDF2._reader:Xref table not zero-indexed. ID numbers for objects will be corrected.
DEBUG:PIL.PngImagePlugin:STREAM b'IHDR' 16 13
DEBUG:PIL.PngImagePlugin:STREAM b'IDAT' 41 1216
WARNING:PyPDF2._reader:Xref table not zero-indexed. ID numbers for objects will be corrected.
WARNING:PyPDF2._reader:Xref table not zero-indexed. ID numbers for objects will be corrected.
WARNING:PyPDF2._reader:Xref table not zero-indexed. ID numbers for objects will be corrected.
DEBUG:PIL.PngImagePlugin:STREAM b'IHDR' 16 13
DEBUG:PIL.PngImagePlugin:STREAM b'IDAT' 41 1216
WARNING:PyPDF2._reader:Xref table not zero-indexed. ID numbers for objects will be corrected.
DEBUG:PIL.PngImagePlugin:STREAM b'IHDR' 16 13
DEBUG:PIL.PngImagePlugin:STREAM b'IDAT' 41 1216
WARNING:PyPDF2._reader:Xref table not zero-indexed. ID numbers for objects will be corrected.
DEBUG:PIL.PngImagePlugin:STREAM b'IHDR' 16 13
DEBUG:PIL.PngImagePlugin:STREAM b'IDAT' 41 1216
INFO:root:send to noman.naeem234@gmail.com by rcubigeubo@gmail.com successfully : 1
INFO:root:send to telcoservice20@gmail.com by rcubigeubo@gmail.com successfully : 2
INFO:root:send to noman.naeem234@gmail.com by rcubigeubo@gmail.com successfully : 1
INFO:root:send to noman.naeem234@gmail.com by rcubigeubo@gmail.com successfully : 1
INFO:root:send to telcoservice20@gmail.com by rcubigeubo@gmail.com successfully : 2
INFO:root:send to noman.naeem234@gmail.com by rcubigeubo@gmail.com successfully : 1
INFO:root:send to noman.naeem234@gmail.com by rcubigeubo@gmail.com successfully : 1
INFO:root:send to noman.naeem234@gmail.com by rcubigeubo@gmail.com successfully : 1
INFO:root:send to noman.naeem234@gmail.com by rcubigeubo@gmail.com successfully : 1
INFO:root:send to noman.naeem234@gmail.com by rcubigeubo@gmail.com successfully : 1
INFO:root:send to telcoservice20@gmail.com by rcubigeubo@gmail.com successfully : 2
INFO:root:send to virus010195@gmail.com by rcubigeubo@gmail.com successfully : 3
INFO:root:send to semasam003@gmail.com by rcubigeubo@gmail.com successfully : 4
INFO:root:send to swangrey224@gmail.com by rcubigeubo@gmail.com successfully : 5
INFO:root:send to gargisan300@gmail.com by rcubigeubo@gmail.com successfully : 6
INFO:root:send to utak75538@gmail.com by rcubigeubo@gmail.com successfully : 7
INFO:root:send to chakotsa904@gmail.com by rcubigeubo@gmail.com successfully : 8
INFO:root:send to yaffa19stern@gmail.com by rcubigeubo@gmail.com successfully : 9
INFO:root:send to josmil2020@gmail.com by rcubigeubo@gmail.com successfully : 10
INFO:root:send to jonathanloga561@gmail.com by rcubigeubo@gmail.com successfully : 11
INFO:root:send to pawan1994shah@gmail.com by rcubigeubo@gmail.com successfully : 12
INFO:root:send to noman.naeem234@gmail.com by rcubigeubo@gmail.com successfully : 1
INFO:root:send to noman.naeem234@gmail.com by rcubigeubo@gmail.com successfully : 1
INFO:root:send to noman.naeem234@gmail.com by rcubigeubo@gmail.com successfully : 1
INFO:root:send to noman.naeem234@gmail.com by rcubigeubo@gmail.com successfully : 1
INFO:root:send to telcoservice20@gmail.com by rcubigeubo@gmail.com successfully : 2
INFO:root:send to virus010195@gmail.com by rcubigeubo@gmail.com successfully : 3
INFO:root:send to noman.naeem234@gmail.com by rcubigeubo@gmail.com successfully : 1
INFO:root:send to telcoservice20@gmail.com by rcubigeubo@gmail.com successfully : 2
INFO:root:send to noman.naeem234@gmail.com by rcubigeubo@gmail.com successfully : 1
INFO:root:send to telcoservice20@gmail.com by rcubigeubo@gmail.com successfully : 2
INFO:root:send to noman.naeem234@gmail.com by rcubigeubo@gmail.com successfully : 1
INFO:root:send to telcoservice20@gmail.com by rcubigeubo@gmail.com successfully : 2
INFO:root:send to virus010195@gmail.com by rcubigeubo@gmail.com successfully : 3
INFO:root:send to semasam003@gmail.com by rcubigeubo@gmail.com successfully : 4
INFO:root:send to swangrey224@gmail.com by rcubigeubo@gmail.com successfully : 5
INFO:root:send to gargisan300@gmail.com by rcubigeubo@gmail.com successfully : 6
INFO:root:send to utak75538@gmail.com by rcubigeubo@gmail.com successfully : 7
INFO:root:send to chakotsa904@gmail.com by rcubigeubo@gmail.com successfully : 8
INFO:root:send to yaffa19stern@gmail.com by rcubigeubo@gmail.com successfully : 9
INFO:root:send to josmil2020@gmail.com by rcubigeubo@gmail.com successfully : 10
INFO:root:send to jonathanloga561@gmail.com by rcubigeubo@gmail.com successfully : 11
INFO:root:send to pawan1994shah@gmail.com by rcubigeubo@gmail.com successfully : 12
INFO:root:send to noman.naeem234@gmail.com by rcubigeubo@gmail.com successfully : 1
INFO:root:send to telcoservice20@gmail.com by rcubigeubo@gmail.com successfully : 2
INFO:root:send to virus010195@gmail.com by rcubigeubo@gmail.com successfully : 3
INFO:root:send to semasam003@gmail.com by rcubigeubo@gmail.com successfully : 4
INFO:root:send to swangrey224@gmail.com by rcubigeubo@gmail.com successfully : 5
INFO:root:send to gargisan300@gmail.com by rcubigeubo@gmail.com successfully : 6
INFO:root:send to utak75538@gmail.com by rcubigeubo@gmail.com successfully : 7
INFO:root:send to chakotsa904@gmail.com by rcubigeubo@gmail.com successfully : 8
INFO:root:send to yaffa19stern@gmail.com by rcubigeubo@gmail.com successfully : 9
INFO:root:send to josmil2020@gmail.com by rcubigeubo@gmail.com successfully : 10
INFO:root:send to jonathanloga561@gmail.com by rcubigeubo@gmail.com successfully : 11
INFO:root:send to pawan1994shah@gmail.com by rcubigeubo@gmail.com successfully : 12
INFO:root:send to noman.naeem234@gmail.com by rcubigeubo@gmail.com successfully : 1
INFO:root:send to telcoservice20@gmail.com by rcubigeubo@gmail.com successfully : 2
INFO:root:send to virus010195@gmail.com by rcubigeubo@gmail.com successfully : 3
INFO:root:send to semasam003@gmail.com by rcubigeubo@gmail.com successfully : 4
INFO:root:send to swangrey224@gmail.com by rcubigeubo@gmail.com successfully : 5
INFO:root:send to gargisan300@gmail.com by rcubigeubo@gmail.com successfully : 6
INFO:root:send to utak75538@gmail.com by rcubigeubo@gmail.com successfully : 7
INFO:root:send to chakotsa904@gmail.com by rcubigeubo@gmail.com successfully : 8
INFO:root:send to yaffa19stern@gmail.com by rcubigeubo@gmail.com successfully : 9
INFO:root:send to josmil2020@gmail.com by rcubigeubo@gmail.com successfully : 10
INFO:root:send to jonathanloga561@gmail.com by rcubigeubo@gmail.com successfully : 11
INFO:root:send to pawan1994shah@gmail.com by rcubigeubo@gmail.com successfully : 12
INFO:root:send to noman.naeem234@gmail.com by rcubigeubo@gmail.com successfully : 1
INFO:root:send to noman.naeem234@gmail.com by rcubigeubo@gmail.com successfully : 1
INFO:root:send to telcoservice20@gmail.com by rcubigeubo@gmail.com successfully : 2
INFO:root:send to virus010195@gmail.com by rcubigeubo@gmail.com successfully : 3
INFO:root:send to noman.naeem234@gmail.com by rcubigeubo@gmail.com successfully : 1
INFO:root:send to telcoservice20@gmail.com by rcubigeubo@gmail.com successfully : 2
INFO:root:send to noman.naeem234@gmail.com by rcubigeubo@gmail.com successfully : 1
INFO:root:send to telcoservice20@gmail.com by rcubigeubo@gmail.com successfully : 2
